<?xml version="1.0" encoding="UTF-8"?>
<coverage generated="1713271283445" clover="3.2.0">
  <project timestamp="1713271283446" name="All files">
    <metrics statements="67" coveredstatements="63" conditionals="27" coveredconditionals="26" methods="32" coveredmethods="28" elements="126" coveredelements="117" complexity="0" loc="67" ncloc="67" packages="9" files="14" classes="14"/>
    <package name="App">
      <metrics statements="15" coveredstatements="14" conditionals="6" coveredconditionals="5" methods="6" coveredmethods="5"/>
      <file name="App.js" path="C:\Users\C'hle\Documents\alx-react\0x04-React_inline_styling\task_0\dashboard\src\App\App.js">
        <metrics statements="15" coveredstatements="14" conditionals="6" coveredconditionals="5" methods="6" coveredmethods="5"/>
        <line num="17" count="9" type="stmt"/>
        <line num="18" count="9" type="stmt"/>
        <line num="19" count="9" type="stmt"/>
        <line num="20" count="9" type="stmt"/>
        <line num="21" count="9" type="stmt"/>
        <line num="27" count="9" type="stmt"/>
        <line num="35" count="9" type="cond" truecount="3" falsecount="1"/>
        <line num="36" count="9" type="stmt"/>
        <line num="37" count="9" type="stmt"/>
        <line num="38" count="9" type="stmt"/>
        <line num="43" count="9" type="stmt"/>
        <line num="47" count="0" type="stmt"/>
        <line num="51" count="9" type="stmt"/>
        <line num="71" count="1" type="stmt"/>
        <line num="76" count="1" type="stmt"/>
      </file>
    </package>
    <package name="BodySection">
      <metrics statements="6" coveredstatements="6" conditionals="0" coveredconditionals="0" methods="2" coveredmethods="2"/>
      <file name="BodySection.js" path="C:\Users\C'hle\Documents\alx-react\0x04-React_inline_styling\task_0\dashboard\src\BodySection\BodySection.js">
        <metrics statements="3" coveredstatements="3" conditionals="0" coveredconditionals="0" methods="1" coveredmethods="1"/>
        <line num="6" count="3" type="stmt"/>
        <line num="15" count="3" type="stmt"/>
        <line num="19" count="3" type="stmt"/>
      </file>
      <file name="BodySectionWithMarginBottom.js" path="C:\Users\C'hle\Documents\alx-react\0x04-React_inline_styling\task_0\dashboard\src\BodySection\BodySectionWithMarginBottom.js">
        <metrics statements="3" coveredstatements="3" conditionals="0" coveredconditionals="0" methods="1" coveredmethods="1"/>
        <line num="8" count="3" type="stmt"/>
        <line num="16" count="2" type="stmt"/>
        <line num="20" count="2" type="stmt"/>
      </file>
    </package>
    <package name="CourseList">
      <metrics statements="10" coveredstatements="10" conditionals="8" coveredconditionals="8" methods="3" coveredmethods="3"/>
      <file name="CourseList.js" path="C:\Users\C'hle\Documents\alx-react\0x04-React_inline_styling\task_0\dashboard\src\CourseList\CourseList.js">
        <metrics statements="4" coveredstatements="4" conditionals="2" coveredconditionals="2" methods="2" coveredmethods="2"/>
        <line num="8" count="5" type="stmt"/>
        <line num="22" count="3" type="stmt"/>
        <line num="30" count="2" type="stmt"/>
        <line num="34" count="2" type="stmt"/>
      </file>
      <file name="CourseListRow.js" path="C:\Users\C'hle\Documents\alx-react\0x04-React_inline_styling\task_0\dashboard\src\CourseList\CourseListRow.js">
        <metrics statements="6" coveredstatements="6" conditionals="6" coveredconditionals="6" methods="1" coveredmethods="1"/>
        <line num="5" count="3" type="stmt"/>
        <line num="6" count="3" type="stmt"/>
        <line num="7" count="3" type="cond" truecount="2" falsecount="0"/>
        <line num="9" count="3" type="stmt"/>
        <line num="30" count="3" type="stmt"/>
        <line num="35" count="3" type="stmt"/>
      </file>
      <file name="CourseShape.js" path="C:\Users\C'hle\Documents\alx-react\0x04-React_inline_styling\task_0\dashboard\src\CourseList\CourseShape.js">
        <metrics statements="0" coveredstatements="0" conditionals="0" coveredconditionals="0" methods="0" coveredmethods="0"/>
      </file>
    </package>
    <package name="Footer">
      <metrics statements="1" coveredstatements="1" conditionals="0" coveredconditionals="0" methods="1" coveredmethods="1"/>
      <file name="Footer.js" path="C:\Users\C'hle\Documents\alx-react\0x04-React_inline_styling\task_0\dashboard\src\Footer\Footer.js">
        <metrics statements="1" coveredstatements="1" conditionals="0" coveredconditionals="0" methods="1" coveredmethods="1"/>
        <line num="6" count="3" type="stmt"/>
      </file>
    </package>
    <package name="HOC">
      <metrics statements="7" coveredstatements="7" conditionals="3" coveredconditionals="3" methods="4" coveredmethods="4"/>
      <file name="WithLogging.js" path="C:\Users\C'hle\Documents\alx-react\0x04-React_inline_styling\task_0\dashboard\src\HOC\WithLogging.js">
        <metrics statements="7" coveredstatements="7" conditionals="3" coveredconditionals="3" methods="4" coveredmethods="4"/>
        <line num="3" count="1" type="stmt"/>
        <line num="4" count="2" type="cond" truecount="3" falsecount="0"/>
        <line num="8" count="2" type="stmt"/>
        <line num="12" count="2" type="stmt"/>
        <line num="16" count="2" type="stmt"/>
        <line num="19" count="2" type="stmt"/>
        <line num="20" count="2" type="stmt"/>
      </file>
    </package>
    <package name="Header">
      <metrics statements="1" coveredstatements="1" conditionals="0" coveredconditionals="0" methods="1" coveredmethods="1"/>
      <file name="Header.js" path="C:\Users\C'hle\Documents\alx-react\0x04-React_inline_styling\task_0\dashboard\src\Header\Header.js">
        <metrics statements="1" coveredstatements="1" conditionals="0" coveredconditionals="0" methods="1" coveredmethods="1"/>
        <line num="6" count="4" type="stmt"/>
      </file>
    </package>
    <package name="Login">
      <metrics statements="1" coveredstatements="1" conditionals="0" coveredconditionals="0" methods="1" coveredmethods="1"/>
      <file name="Login.js" path="C:\Users\C'hle\Documents\alx-react\0x04-React_inline_styling\task_0\dashboard\src\Login\Login.js">
        <metrics statements="1" coveredstatements="1" conditionals="0" coveredconditionals="0" methods="1" coveredmethods="1"/>
        <line num="5" count="5" type="stmt"/>
      </file>
    </package>
    <package name="Notifications">
      <metrics statements="16" coveredstatements="13" conditionals="8" coveredconditionals="8" methods="11" coveredmethods="8"/>
      <file name="NotificationItem.js" path="C:\Users\C'hle\Documents\alx-react\0x04-React_inline_styling\task_0\dashboard\src\Notifications\NotificationItem.js">
        <metrics statements="7" coveredstatements="5" conditionals="2" coveredconditionals="2" methods="5" coveredmethods="3"/>
        <line num="6" count="10" type="stmt"/>
        <line num="10" count="10" type="stmt"/>
        <line num="14" count="1" type="stmt"/>
        <line num="20" count="0" type="stmt"/>
        <line num="26" count="3" type="stmt"/>
        <line num="28" count="0" type="stmt"/>
        <line num="32" count="3" type="stmt"/>
      </file>
      <file name="NotificationItemShape.js" path="C:\Users\C'hle\Documents\alx-react\0x04-React_inline_styling\task_0\dashboard\src\Notifications\NotificationItemShape.js">
        <metrics statements="0" coveredstatements="0" conditionals="0" coveredconditionals="0" methods="0" coveredmethods="0"/>
      </file>
      <file name="Notifications.js" path="C:\Users\C'hle\Documents\alx-react\0x04-React_inline_styling\task_0\dashboard\src\Notifications\Notifications.js">
        <metrics statements="9" coveredstatements="8" conditionals="6" coveredconditionals="6" methods="6" coveredmethods="5"/>
        <line num="10" count="19" type="stmt"/>
        <line num="11" count="19" type="stmt"/>
        <line num="15" count="4" type="stmt"/>
        <line num="19" count="1" type="stmt"/>
        <line num="23" count="21" type="stmt"/>
        <line num="44" count="0" type="stmt"/>
        <line num="62" count="17" type="stmt"/>
        <line num="83" count="2" type="stmt"/>
        <line num="88" count="2" type="stmt"/>
      </file>
    </package>
    <package name="utils">
      <metrics statements="10" coveredstatements="10" conditionals="2" coveredconditionals="2" methods="3" coveredmethods="3"/>
      <file name="utils.js" path="C:\Users\C'hle\Documents\alx-react\0x04-React_inline_styling\task_0\dashboard\src\utils\utils.js">
        <metrics statements="10" coveredstatements="10" conditionals="2" coveredconditionals="2" methods="3" coveredmethods="3"/>
        <line num="1" count="4" type="stmt"/>
        <line num="2" count="4" type="stmt"/>
        <line num="3" count="4" type="stmt"/>
        <line num="6" count="4" type="stmt"/>
        <line num="7" count="5" type="cond" truecount="2" falsecount="0"/>
        <line num="8" count="1" type="stmt"/>
        <line num="10" count="4" type="stmt"/>
        <line num="14" count="4" type="stmt"/>
        <line num="15" count="17" type="stmt"/>
        <line num="18" count="4" type="stmt"/>
      </file>
    </package>
  </project>
</coverage>
