{"C:\\Users\\C'hle\\Documents\\alx-react\\0x04-React_inline_styling\\task_0\\dashboard\\src\\App\\App.js": {"path":"C:\\Users\\C'hle\\Documents\\alx-react\\0x04-React_inline_styling\\task_0\\dashboard\\src\\App\\App.js","statementMap":{"0":{"start":{"line":17,"column":4},"end":{"line":17,"column":17}},"1":{"start":{"line":18,"column":4},"end":{"line":18,"column":39}},"2":{"start":{"line":19,"column":4},"end":{"line":19,"column":31}},"3":{"start":{"line":20,"column":4},"end":{"line":20,"column":55}},"4":{"start":{"line":21,"column":4},"end":{"line":25,"column":6}},"5":{"start":{"line":27,"column":4},"end":{"line":31,"column":6}},"6":{"start":{"line":35,"column":4},"end":{"line":39,"column":5}},"7":{"start":{"line":36,"column":6},"end":{"line":36,"column":25}},"8":{"start":{"line":37,"column":6},"end":{"line":37,"column":31}},"9":{"start":{"line":38,"column":6},"end":{"line":38,"column":20}},"10":{"start":{"line":43,"column":4},"end":{"line":43,"column":59}},"11":{"start":{"line":47,"column":4},"end":{"line":47,"column":62}},"12":{"start":{"line":51,"column":4},"end":{"line":67,"column":6}},"13":{"start":{"line":71,"column":0},"end":{"line":74,"column":2}},"14":{"start":{"line":76,"column":0},"end":{"line":79,"column":2}}},"fnMap":{"0":{"name":"(anonymous_0)","decl":{"start":{"line":16,"column":2},"end":{"line":16,"column":3}},"loc":{"start":{"line":16,"column":21},"end":{"line":32,"column":3}},"line":16},"1":{"name":"(anonymous_1)","decl":{"start":{"line":34,"column":2},"end":{"line":34,"column":3}},"loc":{"start":{"line":34,"column":19},"end":{"line":40,"column":3}},"line":34},"2":{"name":"(anonymous_2)","decl":{"start":{"line":42,"column":2},"end":{"line":42,"column":3}},"loc":{"start":{"line":42,"column":22},"end":{"line":44,"column":3}},"line":42},"3":{"name":"(anonymous_3)","decl":{"start":{"line":46,"column":2},"end":{"line":46,"column":3}},"loc":{"start":{"line":46,"column":25},"end":{"line":48,"column":3}},"line":46},"4":{"name":"(anonymous_4)","decl":{"start":{"line":50,"column":2},"end":{"line":50,"column":3}},"loc":{"start":{"line":50,"column":12},"end":{"line":68,"column":3}},"line":50},"5":{"name":"(anonymous_5)","decl":{"start":{"line":73,"column":10},"end":{"line":73,"column":11}},"loc":{"start":{"line":73,"column":16},"end":{"line":73,"column":18}},"line":73}},"branchMap":{"0":{"loc":{"start":{"line":35,"column":4},"end":{"line":39,"column":5}},"type":"if","locations":[{"start":{"line":35,"column":4},"end":{"line":39,"column":5}},{"start":{},"end":{}}],"line":35},"1":{"loc":{"start":{"line":35,"column":8},"end":{"line":35,"column":34}},"type":"binary-expr","locations":[{"start":{"line":35,"column":8},"end":{"line":35,"column":17}},{"start":{"line":35,"column":21},"end":{"line":35,"column":34}}],"line":35},"2":{"loc":{"start":{"line":56,"column":11},"end":{"line":59,"column":107}},"type":"cond-expr","locations":[{"start":{"line":57,"column":12},"end":{"line":57,"column":135}},{"start":{"line":59,"column":12},"end":{"line":59,"column":107}}],"line":56}},"s":{"0":9,"1":9,"2":9,"3":9,"4":9,"5":9,"6":9,"7":9,"8":9,"9":9,"10":9,"11":0,"12":9,"13":1,"14":1},"f":{"0":9,"1":9,"2":9,"3":0,"4":9,"5":8},"b":{"0":[9,0],"1":[9,9],"2":[2,7]},"_coverageSchema":"1a1c01bbd47fc00a2c39e90264f33305004495a9","hash":"93d7bc39605baf0f4725338c3effe2bc2cafcb32"}
,"C:\\Users\\C'hle\\Documents\\alx-react\\0x04-React_inline_styling\\task_0\\dashboard\\src\\BodySection\\BodySection.js": {"path":"C:\\Users\\C'hle\\Documents\\alx-react\\0x04-React_inline_styling\\task_0\\dashboard\\src\\BodySection\\BodySection.js","statementMap":{"0":{"start":{"line":6,"column":4},"end":{"line":11,"column":6}},"1":{"start":{"line":15,"column":0},"end":{"line":17,"column":2}},"2":{"start":{"line":19,"column":0},"end":{"line":25,"column":2}}},"fnMap":{"0":{"name":"(anonymous_0)","decl":{"start":{"line":5,"column":2},"end":{"line":5,"column":3}},"loc":{"start":{"line":5,"column":11},"end":{"line":12,"column":3}},"line":5}},"branchMap":{},"s":{"0":3,"1":3,"2":3},"f":{"0":3},"b":{},"_coverageSchema":"1a1c01bbd47fc00a2c39e90264f33305004495a9","hash":"3bf86091d0b177135d4d1dd47b848d092b0a894e"}
,"C:\\Users\\C'hle\\Documents\\alx-react\\0x04-React_inline_styling\\task_0\\dashboard\\src\\BodySection\\BodySectionWithMarginBottom.js": {"path":"C:\\Users\\C'hle\\Documents\\alx-react\\0x04-React_inline_styling\\task_0\\dashboard\\src\\BodySection\\BodySectionWithMarginBottom.js","statementMap":{"0":{"start":{"line":8,"column":4},"end":{"line":12,"column":6}},"1":{"start":{"line":16,"column":0},"end":{"line":18,"column":2}},"2":{"start":{"line":20,"column":0},"end":{"line":26,"column":2}}},"fnMap":{"0":{"name":"(anonymous_0)","decl":{"start":{"line":7,"column":2},"end":{"line":7,"column":3}},"loc":{"start":{"line":7,"column":11},"end":{"line":13,"column":3}},"line":7}},"branchMap":{},"s":{"0":3,"1":2,"2":2},"f":{"0":3},"b":{},"_coverageSchema":"1a1c01bbd47fc00a2c39e90264f33305004495a9","hash":"c6bb8aebcedcec1a88c364f4747adf6133a6489d"}
,"C:\\Users\\C'hle\\Documents\\alx-react\\0x04-React_inline_styling\\task_0\\dashboard\\src\\CourseList\\CourseList.js": {"path":"C:\\Users\\C'hle\\Documents\\alx-react\\0x04-React_inline_styling\\task_0\\dashboard\\src\\CourseList\\CourseList.js","statementMap":{"0":{"start":{"line":8,"column":2},"end":{"line":27,"column":4}},"1":{"start":{"line":22,"column":12},"end":{"line":22,"column":118}},"2":{"start":{"line":30,"column":0},"end":{"line":32,"column":2}},"3":{"start":{"line":34,"column":0},"end":{"line":36,"column":2}}},"fnMap":{"0":{"name":"CourseList","decl":{"start":{"line":7,"column":9},"end":{"line":7,"column":19}},"loc":{"start":{"line":7,"column":37},"end":{"line":28,"column":1}},"line":7},"1":{"name":"(anonymous_1)","decl":{"start":{"line":21,"column":26},"end":{"line":21,"column":27}},"loc":{"start":{"line":21,"column":40},"end":{"line":23,"column":11}},"line":21}},"branchMap":{"0":{"loc":{"start":{"line":16,"column":8},"end":{"line":18,"column":14}},"type":"cond-expr","locations":[{"start":{"line":17,"column":10},"end":{"line":17,"column":83}},{"start":{"line":18,"column":10},"end":{"line":18,"column":14}}],"line":16}},"s":{"0":5,"1":3,"2":2,"3":2},"f":{"0":5,"1":3},"b":{"0":[4,1]},"_coverageSchema":"1a1c01bbd47fc00a2c39e90264f33305004495a9","hash":"5d62142962d9a439e43e7bbea4e797be35081277"}
,"C:\\Users\\C'hle\\Documents\\alx-react\\0x04-React_inline_styling\\task_0\\dashboard\\src\\CourseList\\CourseListRow.js": {"path":"C:\\Users\\C'hle\\Documents\\alx-react\\0x04-React_inline_styling\\task_0\\dashboard\\src\\CourseList\\CourseListRow.js","statementMap":{"0":{"start":{"line":5,"column":22},"end":{"line":5,"column":54}},"1":{"start":{"line":6,"column":19},"end":{"line":6,"column":51}},"2":{"start":{"line":7,"column":24},"end":{"line":7,"column":57}},"3":{"start":{"line":9,"column":2},"end":{"line":27,"column":4}},"4":{"start":{"line":30,"column":0},"end":{"line":33,"column":2}},"5":{"start":{"line":35,"column":0},"end":{"line":39,"column":2}}},"fnMap":{"0":{"name":"CourseListRow","decl":{"start":{"line":4,"column":9},"end":{"line":4,"column":22}},"loc":{"start":{"line":4,"column":68},"end":{"line":28,"column":1}},"line":4}},"branchMap":{"0":{"loc":{"start":{"line":7,"column":24},"end":{"line":7,"column":57}},"type":"cond-expr","locations":[{"start":{"line":7,"column":35},"end":{"line":7,"column":46}},{"start":{"line":7,"column":49},"end":{"line":7,"column":57}}],"line":7},"1":{"loc":{"start":{"line":11,"column":7},"end":{"line":25,"column":7}},"type":"cond-expr","locations":[{"start":{"line":12,"column":8},"end":{"line":19,"column":9}},{"start":{"line":21,"column":8},"end":{"line":24,"column":11}}],"line":11},"2":{"loc":{"start":{"line":12,"column":8},"end":{"line":19,"column":9}},"type":"cond-expr","locations":[{"start":{"line":13,"column":10},"end":{"line":13,"column":46}},{"start":{"line":15,"column":10},"end":{"line":18,"column":13}}],"line":12}},"s":{"0":3,"1":3,"2":3,"3":3,"4":3,"5":3},"f":{"0":3},"b":{"0":[2,1],"1":[2,1],"2":[1,1]},"_coverageSchema":"1a1c01bbd47fc00a2c39e90264f33305004495a9","hash":"165963f544eac788ca5c73c499338b375f77ebbe"}
,"C:\\Users\\C'hle\\Documents\\alx-react\\0x04-React_inline_styling\\task_0\\dashboard\\src\\CourseList\\CourseShape.js": {"path":"C:\\Users\\C'hle\\Documents\\alx-react\\0x04-React_inline_styling\\task_0\\dashboard\\src\\CourseList\\CourseShape.js","statementMap":{},"fnMap":{},"branchMap":{},"s":{},"f":{},"b":{},"_coverageSchema":"1a1c01bbd47fc00a2c39e90264f33305004495a9","hash":"811b56dbf298e040dcfaa48c0473030ad13b11c9"}
,"C:\\Users\\C'hle\\Documents\\alx-react\\0x04-React_inline_styling\\task_0\\dashboard\\src\\Footer\\Footer.js": {"path":"C:\\Users\\C'hle\\Documents\\alx-react\\0x04-React_inline_styling\\task_0\\dashboard\\src\\Footer\\Footer.js","statementMap":{"0":{"start":{"line":6,"column":2},"end":{"line":10,"column":3}}},"fnMap":{"0":{"name":"Footer","decl":{"start":{"line":5,"column":9},"end":{"line":5,"column":15}},"loc":{"start":{"line":5,"column":18},"end":{"line":11,"column":1}},"line":5}},"branchMap":{},"s":{"0":3},"f":{"0":3},"b":{},"_coverageSchema":"1a1c01bbd47fc00a2c39e90264f33305004495a9","hash":"0d4c62738907cda566dca9dc14e53e01b310ca6d"}
,"C:\\Users\\C'hle\\Documents\\alx-react\\0x04-React_inline_styling\\task_0\\dashboard\\src\\HOC\\WithLogging.js": {"path":"C:\\Users\\C'hle\\Documents\\alx-react\\0x04-React_inline_styling\\task_0\\dashboard\\src\\HOC\\WithLogging.js","statementMap":{"0":{"start":{"line":3,"column":20},"end":{"line":21,"column":1}},"1":{"start":{"line":4,"column":14},"end":{"line":4,"column":82}},"2":{"start":{"line":8,"column":3},"end":{"line":8,"column":47}},"3":{"start":{"line":12,"column":3},"end":{"line":12,"column":56}},"4":{"start":{"line":16,"column":3},"end":{"line":16,"column":46}},"5":{"start":{"line":19,"column":1},"end":{"line":19,"column":51}},"6":{"start":{"line":20,"column":1},"end":{"line":20,"column":21}}},"fnMap":{"0":{"name":"(anonymous_0)","decl":{"start":{"line":3,"column":20},"end":{"line":3,"column":21}},"loc":{"start":{"line":3,"column":42},"end":{"line":21,"column":1}},"line":3},"1":{"name":"(anonymous_1)","decl":{"start":{"line":7,"column":2},"end":{"line":7,"column":3}},"loc":{"start":{"line":7,"column":22},"end":{"line":9,"column":3}},"line":7},"2":{"name":"(anonymous_2)","decl":{"start":{"line":11,"column":2},"end":{"line":11,"column":3}},"loc":{"start":{"line":11,"column":25},"end":{"line":13,"column":3}},"line":11},"3":{"name":"(anonymous_3)","decl":{"start":{"line":15,"column":2},"end":{"line":15,"column":3}},"loc":{"start":{"line":15,"column":11},"end":{"line":17,"column":3}},"line":15}},"branchMap":{"0":{"loc":{"start":{"line":4,"column":14},"end":{"line":4,"column":82}},"type":"binary-expr","locations":[{"start":{"line":4,"column":14},"end":{"line":4,"column":42}},{"start":{"line":4,"column":46},"end":{"line":4,"column":67}},{"start":{"line":4,"column":71},"end":{"line":4,"column":82}}],"line":4}},"s":{"0":1,"1":2,"2":2,"3":2,"4":2,"5":2,"6":2},"f":{"0":2,"1":2,"2":2,"3":2},"b":{"0":[2,2,1]},"_coverageSchema":"1a1c01bbd47fc00a2c39e90264f33305004495a9","hash":"f531b74b560bfb02f57e7a8bf2ade60268c55fab"}
,"C:\\Users\\C'hle\\Documents\\alx-react\\0x04-React_inline_styling\\task_0\\dashboard\\src\\Header\\Header.js": {"path":"C:\\Users\\C'hle\\Documents\\alx-react\\0x04-React_inline_styling\\task_0\\dashboard\\src\\Header\\Header.js","statementMap":{"0":{"start":{"line":6,"column":2},"end":{"line":11,"column":3}}},"fnMap":{"0":{"name":"Header","decl":{"start":{"line":5,"column":9},"end":{"line":5,"column":15}},"loc":{"start":{"line":5,"column":18},"end":{"line":12,"column":1}},"line":5}},"branchMap":{},"s":{"0":4},"f":{"0":4},"b":{},"_coverageSchema":"1a1c01bbd47fc00a2c39e90264f33305004495a9","hash":"c4e9db0ec872b8abaac18fc1ef8717bd28e397ba"}
,"C:\\Users\\C'hle\\Documents\\alx-react\\0x04-React_inline_styling\\task_0\\dashboard\\src\\Login\\Login.js": {"path":"C:\\Users\\C'hle\\Documents\\alx-react\\0x04-React_inline_styling\\task_0\\dashboard\\src\\Login\\Login.js","statementMap":{"0":{"start":{"line":5,"column":2},"end":{"line":16,"column":3}}},"fnMap":{"0":{"name":"Login","decl":{"start":{"line":4,"column":9},"end":{"line":4,"column":14}},"loc":{"start":{"line":4,"column":17},"end":{"line":17,"column":1}},"line":4}},"branchMap":{},"s":{"0":5},"f":{"0":5},"b":{},"_coverageSchema":"1a1c01bbd47fc00a2c39e90264f33305004495a9","hash":"3a158a741086f4beeadcd5a37d0915d2e187dfdb"}
,"C:\\Users\\C'hle\\Documents\\alx-react\\0x04-React_inline_styling\\task_0\\dashboard\\src\\Notifications\\NotificationItem.js": {"path":"C:\\Users\\C'hle\\Documents\\alx-react\\0x04-React_inline_styling\\task_0\\dashboard\\src\\Notifications\\NotificationItem.js","statementMap":{"0":{"start":{"line":6,"column":4},"end":{"line":6,"column":17}},"1":{"start":{"line":10,"column":4},"end":{"line":22,"column":6}},"2":{"start":{"line":14,"column":21},"end":{"line":14,"column":57}},"3":{"start":{"line":20,"column":22},"end":{"line":20,"column":48}},"4":{"start":{"line":26,"column":0},"end":{"line":30,"column":2}},"5":{"start":{"line":28,"column":21},"end":{"line":28,"column":47}},"6":{"start":{"line":32,"column":0},"end":{"line":38,"column":2}}},"fnMap":{"0":{"name":"(anonymous_0)","decl":{"start":{"line":5,"column":2},"end":{"line":5,"column":3}},"loc":{"start":{"line":5,"column":21},"end":{"line":7,"column":3}},"line":5},"1":{"name":"(anonymous_1)","decl":{"start":{"line":9,"column":2},"end":{"line":9,"column":3}},"loc":{"start":{"line":9,"column":11},"end":{"line":23,"column":3}},"line":9},"2":{"name":"(anonymous_2)","decl":{"start":{"line":14,"column":15},"end":{"line":14,"column":16}},"loc":{"start":{"line":14,"column":21},"end":{"line":14,"column":57}},"line":14},"3":{"name":"(anonymous_3)","decl":{"start":{"line":20,"column":15},"end":{"line":20,"column":16}},"loc":{"start":{"line":20,"column":21},"end":{"line":20,"column":49}},"line":20},"4":{"name":"(anonymous_4)","decl":{"start":{"line":28,"column":14},"end":{"line":28,"column":15}},"loc":{"start":{"line":28,"column":20},"end":{"line":28,"column":48}},"line":28}},"branchMap":{"0":{"loc":{"start":{"line":11,"column":6},"end":{"line":21,"column":12}},"type":"cond-expr","locations":[{"start":{"line":12,"column":6},"end":{"line":15,"column":30}},{"start":{"line":17,"column":6},"end":{"line":21,"column":12}}],"line":11}},"s":{"0":10,"1":10,"2":1,"3":0,"4":3,"5":0,"6":3},"f":{"0":10,"1":10,"2":1,"3":0,"4":0},"b":{"0":[7,3]},"_coverageSchema":"1a1c01bbd47fc00a2c39e90264f33305004495a9","hash":"b4da8ed33908c84f0a52e515a35da24685678d21"}
,"C:\\Users\\C'hle\\Documents\\alx-react\\0x04-React_inline_styling\\task_0\\dashboard\\src\\Notifications\\NotificationItemShape.js": {"path":"C:\\Users\\C'hle\\Documents\\alx-react\\0x04-React_inline_styling\\task_0\\dashboard\\src\\Notifications\\NotificationItemShape.js","statementMap":{},"fnMap":{},"branchMap":{},"s":{},"f":{},"b":{},"_coverageSchema":"1a1c01bbd47fc00a2c39e90264f33305004495a9","hash":"90c5ac68c2b95a250ae9b03b73ff1026cf6b4ed1"}
,"C:\\Users\\C'hle\\Documents\\alx-react\\0x04-React_inline_styling\\task_0\\dashboard\\src\\Notifications\\Notifications.js": {"path":"C:\\Users\\C'hle\\Documents\\alx-react\\0x04-React_inline_styling\\task_0\\dashboard\\src\\Notifications\\Notifications.js","statementMap":{"0":{"start":{"line":10,"column":4},"end":{"line":10,"column":17}},"1":{"start":{"line":11,"column":4},"end":{"line":11,"column":49}},"2":{"start":{"line":15,"column":4},"end":{"line":15,"column":84}},"3":{"start":{"line":19,"column":4},"end":{"line":19,"column":62}},"4":{"start":{"line":23,"column":4},"end":{"line":79,"column":6}},"5":{"start":{"line":44,"column":16},"end":{"line":44,"column":61}},"6":{"start":{"line":62,"column":20},"end":{"line":69,"column":20}},"7":{"start":{"line":83,"column":0},"end":{"line":86,"column":2}},"8":{"start":{"line":88,"column":0},"end":{"line":91,"column":2}}},"fnMap":{"0":{"name":"(anonymous_0)","decl":{"start":{"line":9,"column":2},"end":{"line":9,"column":3}},"loc":{"start":{"line":9,"column":21},"end":{"line":12,"column":3}},"line":9},"1":{"name":"(anonymous_1)","decl":{"start":{"line":14,"column":2},"end":{"line":14,"column":3}},"loc":{"start":{"line":14,"column":35},"end":{"line":16,"column":3}},"line":14},"2":{"name":"(anonymous_2)","decl":{"start":{"line":18,"column":2},"end":{"line":18,"column":3}},"loc":{"start":{"line":18,"column":17},"end":{"line":20,"column":3}},"line":18},"3":{"name":"(anonymous_3)","decl":{"start":{"line":22,"column":2},"end":{"line":22,"column":3}},"loc":{"start":{"line":22,"column":11},"end":{"line":80,"column":3}},"line":22},"4":{"name":"(anonymous_4)","decl":{"start":{"line":43,"column":23},"end":{"line":43,"column":24}},"loc":{"start":{"line":43,"column":30},"end":{"line":45,"column":15}},"line":43},"5":{"name":"(anonymous_5)","decl":{"start":{"line":61,"column":51},"end":{"line":61,"column":52}},"loc":{"start":{"line":61,"column":64},"end":{"line":70,"column":19}},"line":61}},"branchMap":{"0":{"loc":{"start":{"line":28,"column":9},"end":{"line":75,"column":16}},"type":"cond-expr","locations":[{"start":{"line":29,"column":12},"end":{"line":73,"column":18}},{"start":{"line":75,"column":12},"end":{"line":75,"column":16}}],"line":28},"1":{"loc":{"start":{"line":50,"column":16},"end":{"line":52,"column":22}},"type":"cond-expr","locations":[{"start":{"line":51,"column":18},"end":{"line":51,"column":58}},{"start":{"line":52,"column":18},"end":{"line":52,"column":22}}],"line":50},"2":{"loc":{"start":{"line":56,"column":18},"end":{"line":58,"column":24}},"type":"cond-expr","locations":[{"start":{"line":57,"column":20},"end":{"line":57,"column":91}},{"start":{"line":58,"column":20},"end":{"line":58,"column":24}}],"line":56}},"s":{"0":19,"1":19,"2":4,"3":1,"4":21,"5":0,"6":17,"7":2,"8":2},"f":{"0":19,"1":4,"2":1,"3":21,"4":0,"5":17},"b":{"0":[12,9],"1":[6,6],"2":[6,6]},"_coverageSchema":"1a1c01bbd47fc00a2c39e90264f33305004495a9","hash":"cc1ad949f384b290a18f72810e8c9b034938c3ac"}
,"C:\\Users\\C'hle\\Documents\\alx-react\\0x04-React_inline_styling\\task_0\\dashboard\\src\\utils\\utils.js": {"path":"C:\\Users\\C'hle\\Documents\\alx-react\\0x04-React_inline_styling\\task_0\\dashboard\\src\\utils\\utils.js","statementMap":{"0":{"start":{"line":1,"column":20},"end":{"line":4,"column":1}},"1":{"start":{"line":2,"column":21},"end":{"line":2,"column":45}},"2":{"start":{"line":3,"column":2},"end":{"line":3,"column":22}},"3":{"start":{"line":6,"column":22},"end":{"line":12,"column":1}},"4":{"start":{"line":7,"column":2},"end":{"line":11,"column":3}},"5":{"start":{"line":8,"column":4},"end":{"line":8,"column":30}},"6":{"start":{"line":10,"column":4},"end":{"line":10,"column":45}},"7":{"start":{"line":14,"column":30},"end":{"line":16,"column":1}},"8":{"start":{"line":15,"column":2},"end":{"line":15,"column":65}},"9":{"start":{"line":18,"column":0},"end":{"line":22,"column":2}}},"fnMap":{"0":{"name":"(anonymous_0)","decl":{"start":{"line":1,"column":20},"end":{"line":1,"column":21}},"loc":{"start":{"line":1,"column":26},"end":{"line":4,"column":1}},"line":1},"1":{"name":"(anonymous_1)","decl":{"start":{"line":6,"column":22},"end":{"line":6,"column":23}},"loc":{"start":{"line":6,"column":35},"end":{"line":12,"column":1}},"line":6},"2":{"name":"(anonymous_2)","decl":{"start":{"line":14,"column":30},"end":{"line":14,"column":31}},"loc":{"start":{"line":14,"column":36},"end":{"line":16,"column":1}},"line":14}},"branchMap":{"0":{"loc":{"start":{"line":7,"column":2},"end":{"line":11,"column":3}},"type":"if","locations":[{"start":{"line":7,"column":2},"end":{"line":11,"column":3}},{"start":{"line":9,"column":9},"end":{"line":11,"column":3}}],"line":7}},"s":{"0":4,"1":4,"2":4,"3":4,"4":5,"5":1,"6":4,"7":4,"8":17,"9":4},"f":{"0":4,"1":5,"2":17},"b":{"0":[1,4]},"_coverageSchema":"1a1c01bbd47fc00a2c39e90264f33305004495a9","hash":"eec1c3098515825357dc591d175d5444ae16f4bd"}
}
