TN:
SF:src\App\App.js
FN:16,(anonymous_0)
FN:34,(anonymous_1)
FN:42,(anonymous_2)
FN:46,(anonymous_3)
FN:50,(anonymous_4)
FN:73,(anonymous_5)
FNF:6
FNH:5
FNDA:9,(anonymous_0)
FNDA:9,(anonymous_1)
FNDA:9,(anonymous_2)
FNDA:0,(anonymous_3)
FNDA:9,(anonymous_4)
FNDA:8,(anonymous_5)
DA:17,9
DA:18,9
DA:19,9
DA:20,9
DA:21,9
DA:27,9
DA:35,9
DA:36,9
DA:37,9
DA:38,9
DA:43,9
DA:47,0
DA:51,9
DA:71,1
DA:76,1
LF:15
LH:14
BRDA:35,0,0,9
BRDA:35,0,1,0
BRDA:35,1,0,9
BRDA:35,1,1,9
BRDA:56,2,0,2
BRDA:56,2,1,7
BRF:6
BRH:5
end_of_record
TN:
SF:src\BodySection\BodySection.js
FN:5,(anonymous_0)
FNF:1
FNH:1
FNDA:3,(anonymous_0)
DA:6,3
DA:15,3
DA:19,3
LF:3
LH:3
BRF:0
BRH:0
end_of_record
TN:
SF:src\BodySection\BodySectionWithMarginBottom.js
FN:7,(anonymous_0)
FNF:1
FNH:1
FNDA:3,(anonymous_0)
DA:8,3
DA:16,2
DA:20,2
LF:3
LH:3
BRF:0
BRH:0
end_of_record
TN:
SF:src\CourseList\CourseList.js
FN:7,CourseList
FN:21,(anonymous_1)
FNF:2
FNH:2
FNDA:5,CourseList
FNDA:3,(anonymous_1)
DA:8,5
DA:22,3
DA:30,2
DA:34,2
LF:4
LH:4
BRDA:16,0,0,4
BRDA:16,0,1,1
BRF:2
BRH:2
end_of_record
TN:
SF:src\CourseList\CourseListRow.js
FN:4,CourseListRow
FNF:1
FNH:1
FNDA:3,CourseListRow
DA:5,3
DA:6,3
DA:7,3
DA:9,3
DA:30,3
DA:35,3
LF:6
LH:6
BRDA:7,0,0,2
BRDA:7,0,1,1
BRDA:11,1,0,2
BRDA:11,1,1,1
BRDA:12,2,0,1
BRDA:12,2,1,1
BRF:6
BRH:6
end_of_record
TN:
SF:src\CourseList\CourseShape.js
FNF:0
FNH:0
LF:0
LH:0
BRF:0
BRH:0
end_of_record
TN:
SF:src\Footer\Footer.js
FN:5,Footer
FNF:1
FNH:1
FNDA:3,Footer
DA:6,3
LF:1
LH:1
BRF:0
BRH:0
end_of_record
TN:
SF:src\HOC\WithLogging.js
FN:3,(anonymous_0)
FN:7,(anonymous_1)
FN:11,(anonymous_2)
FN:15,(anonymous_3)
FNF:4
FNH:4
FNDA:2,(anonymous_0)
FNDA:2,(anonymous_1)
FNDA:2,(anonymous_2)
FNDA:2,(anonymous_3)
DA:3,1
DA:4,2
DA:8,2
DA:12,2
DA:16,2
DA:19,2
DA:20,2
LF:7
LH:7
BRDA:4,0,0,2
BRDA:4,0,1,2
BRDA:4,0,2,1
BRF:3
BRH:3
end_of_record
TN:
SF:src\Header\Header.js
FN:5,Header
FNF:1
FNH:1
FNDA:4,Header
DA:6,4
LF:1
LH:1
BRF:0
BRH:0
end_of_record
TN:
SF:src\Login\Login.js
FN:4,Login
FNF:1
FNH:1
FNDA:5,Login
DA:5,5
LF:1
LH:1
BRF:0
BRH:0
end_of_record
TN:
SF:src\Notifications\NotificationItem.js
FN:5,(anonymous_0)
FN:9,(anonymous_1)
FN:14,(anonymous_2)
FN:20,(anonymous_3)
FN:28,(anonymous_4)
FNF:5
FNH:3
FNDA:10,(anonymous_0)
FNDA:10,(anonymous_1)
FNDA:1,(anonymous_2)
FNDA:0,(anonymous_3)
FNDA:0,(anonymous_4)
DA:6,10
DA:10,10
DA:14,1
DA:20,0
DA:26,3
DA:28,0
DA:32,3
LF:7
LH:5
BRDA:11,0,0,7
BRDA:11,0,1,3
BRF:2
BRH:2
end_of_record
TN:
SF:src\Notifications\NotificationItemShape.js
FNF:0
FNH:0
LF:0
LH:0
BRF:0
BRH:0
end_of_record
TN:
SF:src\Notifications\Notifications.js
FN:9,(anonymous_0)
FN:14,(anonymous_1)
FN:18,(anonymous_2)
FN:22,(anonymous_3)
FN:43,(anonymous_4)
FN:61,(anonymous_5)
FNF:6
FNH:5
FNDA:19,(anonymous_0)
FNDA:4,(anonymous_1)
FNDA:1,(anonymous_2)
FNDA:21,(anonymous_3)
FNDA:0,(anonymous_4)
FNDA:17,(anonymous_5)
DA:10,19
DA:11,19
DA:15,4
DA:19,1
DA:23,21
DA:44,0
DA:62,17
DA:83,2
DA:88,2
LF:9
LH:8
BRDA:28,0,0,12
BRDA:28,0,1,9
BRDA:50,1,0,6
BRDA:50,1,1,6
BRDA:56,2,0,6
BRDA:56,2,1,6
BRF:6
BRH:6
end_of_record
TN:
SF:src\utils\utils.js
FN:1,(anonymous_0)
FN:6,(anonymous_1)
FN:14,(anonymous_2)
FNF:3
FNH:3
FNDA:4,(anonymous_0)
FNDA:5,(anonymous_1)
FNDA:17,(anonymous_2)
DA:1,4
DA:2,4
DA:3,4
DA:6,4
DA:7,5
DA:8,1
DA:10,4
DA:14,4
DA:15,17
DA:18,4
LF:10
LH:10
BRDA:7,0,0,1
BRDA:7,0,1,4
BRF:2
BRH:2
end_of_record
